<?xml version="1.0" encoding="UTF-8"?>
<testng-results ignored="0" total="1" passed="1" failed="0" skipped="0">
  <reporter-output>
  </reporter-output>
  <suite started-at="2023-01-31T17:52:26 IST" name="Default suite" finished-at="2023-01-31T17:52:35 IST" duration-ms="9859">
    <groups>
    </groups>
    <test started-at="2023-01-31T17:52:26 IST" name="Default test" finished-at="2023-01-31T17:52:35 IST" duration-ms="9859">
      <class name="PageObject.Model.pom4">
        <test-method signature="f()[pri:0, instance:PageObject.Model.pom4@2053d869]" started-at="2023-01-31T17:52:26 IST" name="f" finished-at="2023-01-31T17:52:35 IST" duration-ms="9807" status="PASS">
          <reporter-output>
          </reporter-output>
        </test-method> <!-- f -->
      </class> <!-- PageObject.Model.pom4 -->
    </test> <!-- Default test -->
  </suite> <!-- Default suite -->
</testng-results>
